{"/Users/bassemkhalil/code/spfx-jack/Commands/fastServe.js": {"path":"/Users/bassemkhalil/code/spfx-jack/Commands/fastServe.js","statementMap":{"0":{"start":{"line":1,"column":17},"end":{"line":1,"column":50}},"1":{"start":{"line":2,"column":20},"end":{"line":2,"column":51}},"2":{"start":{"line":4,"column":0},"end":{"line":28,"column":2}},"3":{"start":{"line":5,"column":2},"end":{"line":27,"column":3}},"4":{"start":{"line":10,"column":4},"end":{"line":10,"column":62}},"5":{"start":{"line":11,"column":30},"end":{"line":11,"column":74}},"6":{"start":{"line":13,"column":4},"end":{"line":19,"column":5}},"7":{"start":{"line":14,"column":6},"end":{"line":14,"column":70}},"8":{"start":{"line":15,"column":6},"end":{"line":15,"column":49}},"9":{"start":{"line":16,"column":6},"end":{"line":16,"column":60}},"10":{"start":{"line":18,"column":6},"end":{"line":18,"column":77}},"11":{"start":{"line":21,"column":4},"end":{"line":21,"column":46}},"12":{"start":{"line":22,"column":4},"end":{"line":22,"column":56}},"13":{"start":{"line":23,"column":4},"end":{"line":23,"column":65}},"14":{"start":{"line":24,"column":4},"end":{"line":24,"column":32}},"15":{"start":{"line":26,"column":4},"end":{"line":26,"column":67}}},"fnMap":{"0":{"name":"(anonymous_0)","decl":{"start":{"line":4,"column":17},"end":{"line":4,"column":18}},"loc":{"start":{"line":4,"column":39},"end":{"line":28,"column":1}},"line":4}},"branchMap":{"0":{"loc":{"start":{"line":5,"column":2},"end":{"line":27,"column":3}},"type":"if","locations":[{"start":{"line":5,"column":2},"end":{"line":27,"column":3}},{"start":{"line":25,"column":9},"end":{"line":27,"column":3}}],"line":5},"1":{"loc":{"start":{"line":13,"column":4},"end":{"line":19,"column":5}},"type":"if","locations":[{"start":{"line":13,"column":4},"end":{"line":19,"column":5}},{"start":{"line":17,"column":11},"end":{"line":19,"column":5}}],"line":13}},"s":{"0":1,"1":1,"2":1,"3":1,"4":1,"5":1,"6":1,"7":0,"8":0,"9":0,"10":1,"11":1,"12":1,"13":1,"14":1,"15":0},"f":{"0":1},"b":{"0":[1,0],"1":[0,1]},"_coverageSchema":"1a1c01bbd47fc00a2c39e90264f33305004495a9","hash":"e0a8b73054fe63aacb0510b1c700fd3dadb14809"}
,"/Users/bassemkhalil/code/spfx-jack/Commands/gitInit.js": {"path":"/Users/bassemkhalil/code/spfx-jack/Commands/gitInit.js","statementMap":{"0":{"start":{"line":1,"column":17},"end":{"line":1,"column":50}},"1":{"start":{"line":2,"column":20},"end":{"line":2,"column":51}},"2":{"start":{"line":4,"column":0},"end":{"line":39,"column":2}},"3":{"start":{"line":5,"column":2},"end":{"line":38,"column":3}},"4":{"start":{"line":6,"column":4},"end":{"line":6,"column":66}},"5":{"start":{"line":7,"column":4},"end":{"line":33,"column":5}},"6":{"start":{"line":8,"column":6},"end":{"line":8,"column":48}},"7":{"start":{"line":10,"column":6},"end":{"line":32,"column":7}},"8":{"start":{"line":11,"column":8},"end":{"line":11,"column":72}},"9":{"start":{"line":12,"column":8},"end":{"line":12,"column":34}},"10":{"start":{"line":13,"column":8},"end":{"line":19,"column":9}},"11":{"start":{"line":18,"column":10},"end":{"line":18,"column":62}},"12":{"start":{"line":21,"column":8},"end":{"line":31,"column":9}},"13":{"start":{"line":22,"column":10},"end":{"line":22,"column":65}},"14":{"start":{"line":23,"column":10},"end":{"line":23,"column":54}},"15":{"start":{"line":24,"column":10},"end":{"line":24,"column":67}},"16":{"start":{"line":26,"column":10},"end":{"line":26,"column":60}},"17":{"start":{"line":27,"column":10},"end":{"line":27,"column":72}},"18":{"start":{"line":28,"column":10},"end":{"line":30,"column":12}},"19":{"start":{"line":34,"column":4},"end":{"line":34,"column":16}},"20":{"start":{"line":36,"column":4},"end":{"line":36,"column":80}},"21":{"start":{"line":37,"column":4},"end":{"line":37,"column":20}}},"fnMap":{"0":{"name":"(anonymous_0)","decl":{"start":{"line":4,"column":17},"end":{"line":4,"column":18}},"loc":{"start":{"line":4,"column":39},"end":{"line":39,"column":1}},"line":4}},"branchMap":{"0":{"loc":{"start":{"line":7,"column":4},"end":{"line":33,"column":5}},"type":"if","locations":[{"start":{"line":7,"column":4},"end":{"line":33,"column":5}},{"start":{},"end":{}}],"line":7},"1":{"loc":{"start":{"line":13,"column":8},"end":{"line":19,"column":9}},"type":"if","locations":[{"start":{"line":13,"column":8},"end":{"line":19,"column":9}},{"start":{},"end":{}}],"line":13}},"s":{"0":1,"1":1,"2":1,"3":1,"4":1,"5":1,"6":1,"7":1,"8":1,"9":1,"10":1,"11":0,"12":1,"13":1,"14":1,"15":1,"16":0,"17":0,"18":0,"19":1,"20":0,"21":0},"f":{"0":1},"b":{"0":[1,0],"1":[0,0]},"_coverageSchema":"1a1c01bbd47fc00a2c39e90264f33305004495a9","hash":"08caad69c6eb2b4248ffa2d7d5c9834df3904461"}
,"/Users/bassemkhalil/code/spfx-jack/Commands/npmVersion.js": {"path":"/Users/bassemkhalil/code/spfx-jack/Commands/npmVersion.js","statementMap":{"0":{"start":{"line":1,"column":9},"end":{"line":1,"column":22}},"1":{"start":{"line":2,"column":20},"end":{"line":2,"column":51}},"2":{"start":{"line":4,"column":0},"end":{"line":38,"column":2}},"3":{"start":{"line":5,"column":18},"end":{"line":5,"column":69}},"4":{"start":{"line":7,"column":4},"end":{"line":8,"column":55}},"5":{"start":{"line":10,"column":18},"end":{"line":10,"column":54}},"6":{"start":{"line":12,"column":25},"end":{"line":17,"column":3}},"7":{"start":{"line":18,"column":29},"end":{"line":18,"column":68}},"8":{"start":{"line":20,"column":17},"end":{"line":20,"column":35}},"9":{"start":{"line":21,"column":22},"end":{"line":21,"column":56}},"10":{"start":{"line":23,"column":27},"end":{"line":23,"column":64}},"11":{"start":{"line":25,"column":2},"end":{"line":30,"column":3}},"12":{"start":{"line":26,"column":17},"end":{"line":26,"column":64}},"13":{"start":{"line":27,"column":4},"end":{"line":29,"column":26}},"14":{"start":{"line":28,"column":6},"end":{"line":28,"column":60}},"15":{"start":{"line":29,"column":9},"end":{"line":29,"column":26}},"16":{"start":{"line":32,"column":2},"end":{"line":37,"column":3}},"17":{"start":{"line":33,"column":4},"end":{"line":33,"column":52}},"18":{"start":{"line":34,"column":4},"end":{"line":34,"column":73}},"19":{"start":{"line":36,"column":4},"end":{"line":36,"column":77}}},"fnMap":{"0":{"name":"(anonymous_0)","decl":{"start":{"line":4,"column":17},"end":{"line":4,"column":18}},"loc":{"start":{"line":4,"column":41},"end":{"line":38,"column":1}},"line":4}},"branchMap":{"0":{"loc":{"start":{"line":25,"column":2},"end":{"line":30,"column":3}},"type":"if","locations":[{"start":{"line":25,"column":2},"end":{"line":30,"column":3}},{"start":{},"end":{}}],"line":25},"1":{"loc":{"start":{"line":27,"column":4},"end":{"line":29,"column":26}},"type":"if","locations":[{"start":{"line":27,"column":4},"end":{"line":29,"column":26}},{"start":{"line":29,"column":9},"end":{"line":29,"column":26}}],"line":27},"2":{"loc":{"start":{"line":32,"column":2},"end":{"line":37,"column":3}},"type":"if","locations":[{"start":{"line":32,"column":2},"end":{"line":37,"column":3}},{"start":{"line":35,"column":9},"end":{"line":37,"column":3}}],"line":32}},"s":{"0":1,"1":1,"2":1,"3":1,"4":1,"5":1,"6":1,"7":1,"8":1,"9":1,"10":1,"11":1,"12":1,"13":1,"14":1,"15":0,"16":1,"17":1,"18":1,"19":0},"f":{"0":1},"b":{"0":[1,0],"1":[1,0],"2":[1,0]},"_coverageSchema":"1a1c01bbd47fc00a2c39e90264f33305004495a9","hash":"4f57be72373bed41b04b0292f8f2d1200191164e"}
,"/Users/bassemkhalil/code/spfx-jack/Commands/sortPackage.js": {"path":"/Users/bassemkhalil/code/spfx-jack/Commands/sortPackage.js","statementMap":{"0":{"start":{"line":1,"column":22},"end":{"line":1,"column":55}},"1":{"start":{"line":2,"column":23},"end":{"line":2,"column":57}},"2":{"start":{"line":4,"column":0},"end":{"line":20,"column":2}},"3":{"start":{"line":5,"column":2},"end":{"line":13,"column":4}},"4":{"start":{"line":15,"column":2},"end":{"line":19,"column":4}}},"fnMap":{"0":{"name":"(anonymous_0)","decl":{"start":{"line":4,"column":17},"end":{"line":4,"column":18}},"loc":{"start":{"line":4,"column":49},"end":{"line":20,"column":1}},"line":4}},"branchMap":{},"s":{"0":1,"1":1,"2":1,"3":3,"4":3},"f":{"0":3},"b":{},"_coverageSchema":"1a1c01bbd47fc00a2c39e90264f33305004495a9","hash":"1fce7c7a3e4f9c8b01a5ab13d20b0b972cb0452d"}
,"/Users/bassemkhalil/code/spfx-jack/Utils/executeCommand.js": {"path":"/Users/bassemkhalil/code/spfx-jack/Utils/executeCommand.js","statementMap":{"0":{"start":{"line":1,"column":11},"end":{"line":1,"column":24}},"1":{"start":{"line":2,"column":17},"end":{"line":2,"column":50}},"2":{"start":{"line":3,"column":20},"end":{"line":3,"column":51}},"3":{"start":{"line":5,"column":0},"end":{"line":18,"column":2}},"4":{"start":{"line":6,"column":2},"end":{"line":6,"column":49}},"5":{"start":{"line":8,"column":2},"end":{"line":17,"column":3}},"6":{"start":{"line":9,"column":4},"end":{"line":10,"column":62}},"7":{"start":{"line":10,"column":6},"end":{"line":10,"column":62}},"8":{"start":{"line":12,"column":4},"end":{"line":12,"column":66}},"9":{"start":{"line":13,"column":4},"end":{"line":13,"column":55}},"10":{"start":{"line":14,"column":4},"end":{"line":16,"column":6}}},"fnMap":{"0":{"name":"(anonymous_0)","decl":{"start":{"line":5,"column":17},"end":{"line":5,"column":18}},"loc":{"start":{"line":5,"column":70},"end":{"line":18,"column":1}},"line":5}},"branchMap":{"0":{"loc":{"start":{"line":5,"column":36},"end":{"line":5,"column":50}},"type":"default-arg","locations":[{"start":{"line":5,"column":44},"end":{"line":5,"column":50}}],"line":5},"1":{"loc":{"start":{"line":9,"column":4},"end":{"line":10,"column":62}},"type":"if","locations":[{"start":{"line":9,"column":4},"end":{"line":10,"column":62}},{"start":{},"end":{}}],"line":9}},"s":{"0":1,"1":1,"2":1,"3":1,"4":3,"5":3,"6":3,"7":1,"8":0,"9":0,"10":0},"f":{"0":3},"b":{"0":[0],"1":[1,2]},"_coverageSchema":"1a1c01bbd47fc00a2c39e90264f33305004495a9","hash":"9b8f5757cdb1ea49b64e58e0ad5cca76f708e5da"}
,"/Users/bassemkhalil/code/spfx-jack/Utils/folderPaths.js": {"path":"/Users/bassemkhalil/code/spfx-jack/Utils/folderPaths.js","statementMap":{"0":{"start":{"line":1,"column":11},"end":{"line":1,"column":24}},"1":{"start":{"line":2,"column":13},"end":{"line":2,"column":33}},"2":{"start":{"line":4,"column":0},"end":{"line":6,"column":2}},"3":{"start":{"line":5,"column":2},"end":{"line":5,"column":60}},"4":{"start":{"line":8,"column":0},"end":{"line":10,"column":2}},"5":{"start":{"line":9,"column":2},"end":{"line":9,"column":69}}},"fnMap":{"0":{"name":"(anonymous_0)","decl":{"start":{"line":4,"column":27},"end":{"line":4,"column":28}},"loc":{"start":{"line":4,"column":39},"end":{"line":6,"column":1}},"line":4},"1":{"name":"(anonymous_1)","decl":{"start":{"line":8,"column":23},"end":{"line":8,"column":24}},"loc":{"start":{"line":8,"column":35},"end":{"line":10,"column":1}},"line":8}},"branchMap":{},"s":{"0":4,"1":4,"2":4,"3":4,"4":4,"5":4},"f":{"0":4,"1":4},"b":{},"_coverageSchema":"1a1c01bbd47fc00a2c39e90264f33305004495a9","hash":"854b69935cacb51a47d91a8ba74cb21d3680f5a4"}
,"/Users/bassemkhalil/code/spfx-jack/Utils/replaceInFile.js": {"path":"/Users/bassemkhalil/code/spfx-jack/Utils/replaceInFile.js","statementMap":{"0":{"start":{"line":1,"column":9},"end":{"line":1,"column":22}},"1":{"start":{"line":2,"column":20},"end":{"line":2,"column":44}},"2":{"start":{"line":7,"column":0},"end":{"line":32,"column":2}},"3":{"start":{"line":16,"column":2},"end":{"line":16,"column":43}},"4":{"start":{"line":18,"column":19},"end":{"line":18,"column":52}},"5":{"start":{"line":20,"column":2},"end":{"line":31,"column":3}},"6":{"start":{"line":21,"column":17},"end":{"line":21,"column":65}},"7":{"start":{"line":23,"column":4},"end":{"line":28,"column":5}},"8":{"start":{"line":24,"column":6},"end":{"line":24,"column":49}},"9":{"start":{"line":25,"column":6},"end":{"line":25,"column":47}},"10":{"start":{"line":27,"column":6},"end":{"line":27,"column":47}},"11":{"start":{"line":30,"column":4},"end":{"line":30,"column":45}}},"fnMap":{"0":{"name":"(anonymous_0)","decl":{"start":{"line":7,"column":17},"end":{"line":7,"column":18}},"loc":{"start":{"line":15,"column":2},"end":{"line":32,"column":1}},"line":15}},"branchMap":{"0":{"loc":{"start":{"line":20,"column":2},"end":{"line":31,"column":3}},"type":"if","locations":[{"start":{"line":20,"column":2},"end":{"line":31,"column":3}},{"start":{"line":29,"column":9},"end":{"line":31,"column":3}}],"line":20},"1":{"loc":{"start":{"line":23,"column":4},"end":{"line":28,"column":5}},"type":"if","locations":[{"start":{"line":23,"column":4},"end":{"line":28,"column":5}},{"start":{"line":26,"column":11},"end":{"line":28,"column":5}}],"line":23}},"s":{"0":1,"1":1,"2":1,"3":3,"4":3,"5":3,"6":1,"7":1,"8":1,"9":1,"10":0,"11":2},"f":{"0":3},"b":{"0":[1,2],"1":[1,0]},"_coverageSchema":"1a1c01bbd47fc00a2c39e90264f33305004495a9","hash":"c940c5b57f8fd999e4b722f03e2dc6847e5ec26e"}
}
